<?xml version="1.0" encoding="UTF-8"?>
<!-- Generated by org.testng.reporters.JUnitReportReporter -->
<testsuite hostname="shankar" name="projectz.Test1" tests="1" failures="0" timestamp="16 Feb 2018 07:41:55 GMT" time="0.017" errors="0">
  <testcase name="SampleTest" time="0.017" classname="projectz.Test1"/>
</testsuite> <!-- projectz.Test1 -->
